<?xml version="1.0" encoding="UTF-8"?>
<checkstyle version="5.5">
<file name="/home/alberto/code/cabo-trafalgar/client/JMonkeyClient/src/main/java/com/navid/trafalgar/games/MyStartScreen.java">
<error line="0" severity="error" message="Missing package-info.java file." source="com.puppycrawl.tools.checkstyle.checks.javadoc.JavadocPackageCheck"/>
<error line="26" column="5" severity="error" message="El método &apos;startGame&apos; no está diseñado para ser extendido - necesita ser abstracto, final o vacío." source="com.puppycrawl.tools.checkstyle.checks.design.DesignForExtensionCheck"/>
<error line="26" column="27" severity="error" message="El parámetro nextScreen debería ser final." source="com.puppycrawl.tools.checkstyle.checks.FinalParametersCheck"/>
<error line="30" column="5" severity="error" message="El método &apos;quitGame&apos; no está diseñado para ser extendido - necesita ser abstracto, final o vacío." source="com.puppycrawl.tools.checkstyle.checks.design.DesignForExtensionCheck"/>
<error line="37" column="5" severity="error" message="El método &apos;bind&apos; no está diseñado para ser extendido - necesita ser abstracto, final o vacío." source="com.puppycrawl.tools.checkstyle.checks.design.DesignForExtensionCheck"/>
<error line="37" column="22" severity="error" message="El parámetro nifty debería ser final." source="com.puppycrawl.tools.checkstyle.checks.FinalParametersCheck"/>
<error line="37" column="28" severity="error" message="&apos;nifty&apos; oculta un campo." source="com.puppycrawl.tools.checkstyle.checks.coding.HiddenFieldCheck"/>
<error line="37" column="35" severity="error" message="El parámetro screen debería ser final." source="com.puppycrawl.tools.checkstyle.checks.FinalParametersCheck"/>
<error line="37" column="42" severity="error" message="&apos;screen&apos; oculta un campo." source="com.puppycrawl.tools.checkstyle.checks.coding.HiddenFieldCheck"/>
<error line="43" severity="error" message="Line has trailing spaces." source="com.puppycrawl.tools.checkstyle.checks.regexp.RegexpSinglelineCheck"/>
<error line="53" column="5" severity="error" message="El método &apos;initialize&apos; no está diseñado para ser extendido - necesita ser abstracto, final o vacío." source="com.puppycrawl.tools.checkstyle.checks.design.DesignForExtensionCheck"/>
<error line="54" column="28" severity="error" message="El parámetro stateManager debería ser final." source="com.puppycrawl.tools.checkstyle.checks.FinalParametersCheck"/>
<error line="54" column="58" severity="error" message="El parámetro app debería ser final." source="com.puppycrawl.tools.checkstyle.checks.FinalParametersCheck"/>
<error line="54" column="70" severity="error" message="&apos;app&apos; oculta un campo." source="com.puppycrawl.tools.checkstyle.checks.coding.HiddenFieldCheck"/>
<error line="61" column="5" severity="error" message="El método &apos;getNifty&apos; no está diseñado para ser extendido - necesita ser abstracto, final o vacío." source="com.puppycrawl.tools.checkstyle.checks.design.DesignForExtensionCheck"/>
<error line="68" column="5" severity="error" message="El método &apos;setNifty&apos; no está diseñado para ser extendido - necesita ser abstracto, final o vacío." source="com.puppycrawl.tools.checkstyle.checks.design.DesignForExtensionCheck"/>
<error line="68" column="26" severity="error" message="El parámetro nifty debería ser final." source="com.puppycrawl.tools.checkstyle.checks.FinalParametersCheck"/>
<error line="68" column="32" severity="error" message="&apos;nifty&apos; oculta un campo." source="com.puppycrawl.tools.checkstyle.checks.coding.HiddenFieldCheck"/>
<error line="75" column="5" severity="error" message="El método &apos;getApp&apos; no está diseñado para ser extendido - necesita ser abstracto, final o vacío." source="com.puppycrawl.tools.checkstyle.checks.design.DesignForExtensionCheck"/>
<error line="82" column="5" severity="error" message="El método &apos;setApp&apos; no está diseñado para ser extendido - necesita ser abstracto, final o vacío." source="com.puppycrawl.tools.checkstyle.checks.design.DesignForExtensionCheck"/>
<error line="82" column="24" severity="error" message="El parámetro app debería ser final." source="com.puppycrawl.tools.checkstyle.checks.FinalParametersCheck"/>
<error line="82" column="36" severity="error" message="&apos;app&apos; oculta un campo." source="com.puppycrawl.tools.checkstyle.checks.coding.HiddenFieldCheck"/>
<error line="89" column="5" severity="error" message="El método &apos;getScreen&apos; no está diseñado para ser extendido - necesita ser abstracto, final o vacío." source="com.puppycrawl.tools.checkstyle.checks.design.DesignForExtensionCheck"/>
<error line="96" column="5" severity="error" message="El método &apos;setScreen&apos; no está diseñado para ser extendido - necesita ser abstracto, final o vacío." source="com.puppycrawl.tools.checkstyle.checks.design.DesignForExtensionCheck"/>
<error line="96" column="27" severity="error" message="El parámetro screen debería ser final." source="com.puppycrawl.tools.checkstyle.checks.FinalParametersCheck"/>
<error line="96" column="34" severity="error" message="&apos;screen&apos; oculta un campo." source="com.puppycrawl.tools.checkstyle.checks.coding.HiddenFieldCheck"/>
<error line="103" column="5" severity="error" message="El método &apos;getSettings&apos; no está diseñado para ser extendido - necesita ser abstracto, final o vacío." source="com.puppycrawl.tools.checkstyle.checks.design.DesignForExtensionCheck"/>
<error line="110" column="5" severity="error" message="El método &apos;setSettings&apos; no está diseñado para ser extendido - necesita ser abstracto, final o vacío." source="com.puppycrawl.tools.checkstyle.checks.design.DesignForExtensionCheck"/>
<error line="110" column="29" severity="error" message="El parámetro settings debería ser final." source="com.puppycrawl.tools.checkstyle.checks.FinalParametersCheck"/>
<error line="110" column="41" severity="error" message="&apos;settings&apos; oculta un campo." source="com.puppycrawl.tools.checkstyle.checks.coding.HiddenFieldCheck"/>
</file>
<file name="/home/alberto/code/cabo-trafalgar/client/JMonkeyClient/src/main/java/com/navid/trafalgar/games/SpringStaticHolder.java">
<error line="12" column="1" severity="error" message="Utility classes should not have a public or default constructor." source="com.puppycrawl.tools.checkstyle.checks.design.HideUtilityClassConstructorCheck"/>
<error line="14" column="34" severity="error" message="La variable &apos;ctx&apos; debe ser privada y tener métodos de acceso." source="com.puppycrawl.tools.checkstyle.checks.design.VisibilityModifierCheck"/>
<error line="15" severity="error" message="Line has trailing spaces." source="com.puppycrawl.tools.checkstyle.checks.regexp.RegexpSinglelineCheck"/>
<error line="16" column="56" severity="error" message="&apos;(&apos; está seguido de espacios en blanco." source="com.puppycrawl.tools.checkstyle.checks.whitespace.ParenPadCheck"/>
<error line="16" column="57" severity="error" message="El parámetro name debería ser final." source="com.puppycrawl.tools.checkstyle.checks.FinalParametersCheck"/>
<error line="16" column="70" severity="error" message="El parámetro className debería ser final." source="com.puppycrawl.tools.checkstyle.checks.FinalParametersCheck"/>
<error line="16" column="86" severity="error" message="&apos;)&apos; está precedido de espacio en blanco." source="com.puppycrawl.tools.checkstyle.checks.whitespace.ParenPadCheck"/>
<error line="16" column="88" severity="error" message="&apos;{&apos; no está precedido de espacio en blanco." source="com.puppycrawl.tools.checkstyle.checks.whitespace.WhitespaceAroundCheck"/>
<error line="22" severity="error" message="Line has trailing spaces." source="com.puppycrawl.tools.checkstyle.checks.regexp.RegexpSinglelineCheck"/>
<error line="24" severity="error" message="Line has trailing spaces." source="com.puppycrawl.tools.checkstyle.checks.regexp.RegexpSinglelineCheck"/>
<error line="25" column="56" severity="error" message="&apos;(&apos; está seguido de espacios en blanco." source="com.puppycrawl.tools.checkstyle.checks.whitespace.ParenPadCheck"/>
<error line="25" column="57" severity="error" message="El parámetro name debería ser final." source="com.puppycrawl.tools.checkstyle.checks.FinalParametersCheck"/>
<error line="25" column="70" severity="error" message="El parámetro className debería ser final." source="com.puppycrawl.tools.checkstyle.checks.FinalParametersCheck"/>
<error line="25" column="87" severity="error" message="&apos;{&apos; no está precedido de espacio en blanco." source="com.puppycrawl.tools.checkstyle.checks.whitespace.WhitespaceAroundCheck"/>
<error line="32" severity="error" message="Line has trailing spaces." source="com.puppycrawl.tools.checkstyle.checks.regexp.RegexpSinglelineCheck"/>
<error line="33" column="37" severity="error" message="El parámetro name debería ser final." source="com.puppycrawl.tools.checkstyle.checks.FinalParametersCheck"/>
<error line="33" column="50" severity="error" message="El parámetro object debería ser final." source="com.puppycrawl.tools.checkstyle.checks.FinalParametersCheck"/>
<error line="33" column="64" severity="error" message="&apos;{&apos; no está precedido de espacio en blanco." source="com.puppycrawl.tools.checkstyle.checks.whitespace.WhitespaceAroundCheck"/>
</file>
<file name="/home/alberto/code/cabo-trafalgar/client/JMonkeyClient/src/main/java/com/navid/trafalgar/games/Main.java">
<error line="25" severity="error" message="Line has trailing spaces." source="com.puppycrawl.tools.checkstyle.checks.regexp.RegexpSinglelineCheck"/>
<error line="26" column="29" severity="error" message="El parámetro args debería ser final." source="com.puppycrawl.tools.checkstyle.checks.FinalParametersCheck"/>
<error line="27" severity="error" message="Line has trailing spaces." source="com.puppycrawl.tools.checkstyle.checks.regexp.RegexpSinglelineCheck"/>
<error line="28" column="58" severity="error" message="&apos;{&apos; no está precedido de espacio en blanco." source="com.puppycrawl.tools.checkstyle.checks.whitespace.WhitespaceAroundCheck"/>
<error line="31" severity="error" message="Line has trailing spaces." source="com.puppycrawl.tools.checkstyle.checks.regexp.RegexpSinglelineCheck"/>
<error line="36" column="5" severity="error" message="El método &apos;start&apos; no está diseñado para ser extendido - necesita ser abstracto, final o vacío." source="com.puppycrawl.tools.checkstyle.checks.design.DesignForExtensionCheck"/>
<error line="37" column="23" severity="error" message="El parámetro contextType debería ser final." source="com.puppycrawl.tools.checkstyle.checks.FinalParametersCheck"/>
<error line="38" severity="error" message="Line has trailing spaces." source="com.puppycrawl.tools.checkstyle.checks.regexp.RegexpSinglelineCheck"/>
<error line="43" severity="error" message="Line has trailing spaces." source="com.puppycrawl.tools.checkstyle.checks.regexp.RegexpSinglelineCheck"/>
<error line="48" column="5" severity="error" message="El método &apos;initialize&apos; no está diseñado para ser extendido - necesita ser abstracto, final o vacío." source="com.puppycrawl.tools.checkstyle.checks.design.DesignForExtensionCheck"/>
<error line="50" severity="error" message="Line has trailing spaces." source="com.puppycrawl.tools.checkstyle.checks.regexp.RegexpSinglelineCheck"/>
<error line="53" column="37" severity="error" message="&apos;(&apos; está seguido de espacios en blanco." source="com.puppycrawl.tools.checkstyle.checks.whitespace.ParenPadCheck"/>
<error line="61" severity="error" message="Line has trailing spaces." source="com.puppycrawl.tools.checkstyle.checks.regexp.RegexpSinglelineCheck"/>
<error line="62" severity="error" message="Line has trailing spaces." source="com.puppycrawl.tools.checkstyle.checks.regexp.RegexpSinglelineCheck"/>
<error line="64" severity="error" message="Line has trailing spaces." source="com.puppycrawl.tools.checkstyle.checks.regexp.RegexpSinglelineCheck"/>
<error line="66" severity="error" message="Line has trailing spaces." source="com.puppycrawl.tools.checkstyle.checks.regexp.RegexpSinglelineCheck"/>
<error line="67" column="19" severity="error" message="&apos;)&apos; está precedido de espacio en blanco." source="com.puppycrawl.tools.checkstyle.checks.whitespace.ParenPadCheck"/>
<error line="67" column="21" severity="error" message="&apos;{&apos; no está precedido de espacio en blanco." source="com.puppycrawl.tools.checkstyle.checks.whitespace.WhitespaceAroundCheck"/>
<error line="72" severity="error" message="Line has trailing spaces." source="com.puppycrawl.tools.checkstyle.checks.regexp.RegexpSinglelineCheck"/>
<error line="76" severity="error" message="Line has trailing spaces." source="com.puppycrawl.tools.checkstyle.checks.regexp.RegexpSinglelineCheck"/>
<error line="79" severity="error" message="Line has trailing spaces." source="com.puppycrawl.tools.checkstyle.checks.regexp.RegexpSinglelineCheck"/>
<error line="81" severity="error" message="Line has trailing spaces." source="com.puppycrawl.tools.checkstyle.checks.regexp.RegexpSinglelineCheck"/>
<error line="83" severity="error" message="Line has trailing spaces." source="com.puppycrawl.tools.checkstyle.checks.regexp.RegexpSinglelineCheck"/>
<error line="84" column="30" severity="error" message="El parámetro nifty debería ser final." source="com.puppycrawl.tools.checkstyle.checks.FinalParametersCheck"/>
<error line="84" column="43" severity="error" message="El parámetro screen debería ser final." source="com.puppycrawl.tools.checkstyle.checks.FinalParametersCheck"/>
<error line="84" column="58" severity="error" message="El parámetro settings debería ser final." source="com.puppycrawl.tools.checkstyle.checks.FinalParametersCheck"/>
<error line="84" column="80" severity="error" message="El parámetro app debería ser final." source="com.puppycrawl.tools.checkstyle.checks.FinalParametersCheck"/>
<error line="84" column="96" severity="error" message="&apos;{&apos; no está precedido de espacio en blanco." source="com.puppycrawl.tools.checkstyle.checks.whitespace.WhitespaceAroundCheck"/>
<error line="86" severity="error" message="Line has trailing spaces." source="com.puppycrawl.tools.checkstyle.checks.regexp.RegexpSinglelineCheck"/>
<error line="96" severity="error" message="Line has trailing spaces." source="com.puppycrawl.tools.checkstyle.checks.regexp.RegexpSinglelineCheck"/>
<error line="108" column="4" severity="error" message="El método &apos;update&apos; no está diseñado para ser extendido - necesita ser abstracto, final o vacío." source="com.puppycrawl.tools.checkstyle.checks.design.DesignForExtensionCheck"/>
<error line="112" severity="error" message="Line has trailing spaces." source="com.puppycrawl.tools.checkstyle.checks.regexp.RegexpSinglelineCheck"/>
<error line="115" severity="error" message="Line has trailing spaces." source="com.puppycrawl.tools.checkstyle.checks.regexp.RegexpSinglelineCheck"/>
<error line="119" severity="error" message="Line has trailing spaces." source="com.puppycrawl.tools.checkstyle.checks.regexp.RegexpSinglelineCheck"/>
</file>
</checkstyle>
